<?xml version="1.0" encoding="UTF-8"?>
<!-- Generated by org.testng.reporters.JUnitReportReporter -->
<testsuite hostname="DESKTOP-M3LFRSK" failures="0" tests="1" name="Development.VerifyOTP" time="4.166" errors="0" timestamp="2022-12-16T14:58:09 IST" skipped="0">
  <testcase classname="Development.VerifyOTP" name="OTP_Verification" time="4.166"/>
  <system-out/>
</testsuite> <!-- Development.VerifyOTP -->
