<?xml version="1.0" encoding="UTF-8"?>
<!-- Generated by org.testng.reporters.JUnitReportReporter -->
<testsuite hostname="DESKTOP-M3LFRSK" failures="0" tests="1" name="Development.Signin_Signup" time="5.691" errors="0" timestamp="2022-08-19T12:12:44 IST" skipped="0">
  <testcase classname="Development.Signin_Signup" name="Login_reg" time="5.691"/>
  <system-out/>
</testsuite> <!-- Development.Signin_Signup -->
