<?xml version="1.0" encoding="UTF-8"?>
<!-- Generated by org.testng.reporters.JUnitReportReporter -->
<testsuite hostname="DESKTOP-M3LFRSK" failures="0" tests="1" name="Development.Login_Validation" time="5.635" errors="0" timestamp="2022-08-19T12:02:53 IST" skipped="0">
  <testcase classname="Development.Login_Validation" name="thy" time="5.635"/>
  <system-out/>
</testsuite> <!-- Development.Login_Validation -->
