<?xml version="1.0" encoding="UTF-8"?>
<!-- Generated by org.testng.reporters.JUnitReportReporter -->
<testsuite hostname="DESKTOP-M3LFRSK" failures="0" tests="2" name="Development.Login_Validation" time="8.011" errors="0" timestamp="2022-12-16T15:00:44 IST" skipped="0">
  <testcase classname="Development.Login_Validation" name="UserValidation" time="6.928"/>
  <system-out/>
  <testcase classname="Development.Login_Validation" name="OTP_Verfication" time="1.083"/>
  <system-out/>
</testsuite> <!-- Development.Login_Validation -->
