<?xml version="1.0" encoding="UTF-8"?>
<!-- Generated by org.testng.reporters.JUnitReportReporter -->
<testsuite hostname="DESKTOP-M3LFRSK" failures="0" tests="1" name="Development.Registered" time="3.939" errors="0" timestamp="2022-08-19T12:32:48 IST" skipped="0">
  <testcase classname="Development.Registered" name="OTP_Verification" time="3.939"/>
  <system-out/>
</testsuite> <!-- Development.Registered -->
