<?xml version="1.0" encoding="UTF-8"?>
<!-- Generated by org.testng.reporters.JUnitReportReporter -->
<testsuite hostname="DESKTOP-M3LFRSK" failures="0" tests="1" name="Development.Registered" time="3.774" errors="0" timestamp="2022-11-18T18:34:55 IST" skipped="0">
  <testcase classname="Development.Registered" name="OTP_Verification" time="3.774"/>
  <system-out/>
</testsuite> <!-- Development.Registered -->
