<?xml version="1.0" encoding="UTF-8"?>
<!-- Generated by org.testng.reporters.JUnitReportReporter -->
<testsuite hostname="DESKTOP-M3LFRSK" failures="0" tests="1" name="Development.Signin_Signup" time="6.936" errors="0" timestamp="2022-12-16T14:57:52 IST" skipped="0">
  <testcase classname="Development.Signin_Signup" name="Login_reg" time="6.936"/>
  <system-out/>
</testsuite> <!-- Development.Signin_Signup -->
